13437 execve("./thread", ["./thread"], 0x7ffc5cf1f1c8 /* 88 vars */) = 0
13437 brk(NULL)                         = 0x22f6c000
13437 mmap(NULL, 8192, PROT_READ|PROT_WRITE, MAP_PRIVATE|MAP_ANONYMOUS, -1, 0) = 0x7f32d7865000
13437 access("/etc/ld.so.preload", R_OK) = -1 ENOENT (No such file or directory)
13437 openat(AT_FDCWD, "/usr/lib64/openmpi/lib/glibc-hwcaps/x86-64-v3/libc.so.6", O_RDONLY|O_CLOEXEC) = -1 ENOENT (No such file or directory)
13437 newfstatat(AT_FDCWD, "/usr/lib64/openmpi/lib/glibc-hwcaps/x86-64-v3/", 0x7ffc67164930, 0) = -1 ENOENT (No such file or directory)
13437 openat(AT_FDCWD, "/usr/lib64/openmpi/lib/glibc-hwcaps/x86-64-v2/libc.so.6", O_RDONLY|O_CLOEXEC) = -1 ENOENT (No such file or directory)
13437 newfstatat(AT_FDCWD, "/usr/lib64/openmpi/lib/glibc-hwcaps/x86-64-v2/", 0x7ffc67164930, 0) = -1 ENOENT (No such file or directory)
13437 openat(AT_FDCWD, "/usr/lib64/openmpi/lib/libc.so.6", O_RDONLY|O_CLOEXEC) = -1 ENOENT (No such file or directory)
13437 newfstatat(AT_FDCWD, "/usr/lib64/openmpi/lib/", {st_mode=S_IFDIR|0755, st_size=1198, ...}, 0) = 0
13437 openat(AT_FDCWD, "glibc-hwcaps/x86-64-v3/libc.so.6", O_RDONLY|O_CLOEXEC) = -1 ENOENT (No such file or directory)
13437 openat(AT_FDCWD, "glibc-hwcaps/x86-64-v2/libc.so.6", O_RDONLY|O_CLOEXEC) = -1 ENOENT (No such file or directory)
13437 openat(AT_FDCWD, "libc.so.6", O_RDONLY|O_CLOEXEC) = -1 ENOENT (No such file or directory)
13437 openat(AT_FDCWD, "/etc/ld.so.cache", O_RDONLY|O_CLOEXEC) = 3
13437 fstat(3, {st_mode=S_IFREG|0644, st_size=89879, ...}) = 0
13437 mmap(NULL, 89879, PROT_READ, MAP_PRIVATE, 3, 0) = 0x7f32d784f000
13437 close(3)                          = 0
13437 openat(AT_FDCWD, "/lib64/libc.so.6", O_RDONLY|O_CLOEXEC) = 3
13437 read(3, "\177ELF\2\1\1\3\0\0\0\0\0\0\0\0\3\0>\0\1\0\0\0`\242\2\0\0\0\0\0"..., 832) = 832
13437 pread64(3, "\6\0\0\0\4\0\0\0@\0\0\0\0\0\0\0@\0\0\0\0\0\0\0@\0\0\0\0\0\0\0"..., 784, 64) = 784
13437 fstat(3, {st_mode=S_IFREG|0755, st_size=2449104, ...}) = 0
13437 pread64(3, "\6\0\0\0\4\0\0\0@\0\0\0\0\0\0\0@\0\0\0\0\0\0\0@\0\0\0\0\0\0\0"..., 784, 64) = 784
13437 mmap(NULL, 2038736, PROT_READ, MAP_PRIVATE|MAP_DENYWRITE, 3, 0) = 0x7f32d765d000
13437 mmap(0x7f32d7685000, 1499136, PROT_READ|PROT_EXEC, MAP_PRIVATE|MAP_FIXED|MAP_DENYWRITE, 3, 0x28000) = 0x7f32d7685000
13437 mmap(0x7f32d77f3000, 319488, PROT_READ, MAP_PRIVATE|MAP_FIXED|MAP_DENYWRITE, 3, 0x196000) = 0x7f32d77f3000
13437 mmap(0x7f32d7841000, 24576, PROT_READ|PROT_WRITE, MAP_PRIVATE|MAP_FIXED|MAP_DENYWRITE, 3, 0x1e4000) = 0x7f32d7841000
13437 mmap(0x7f32d7847000, 31696, PROT_READ|PROT_WRITE, MAP_PRIVATE|MAP_FIXED|MAP_ANONYMOUS, -1, 0) = 0x7f32d7847000
13437 close(3)                          = 0
13437 mmap(NULL, 12288, PROT_READ|PROT_WRITE, MAP_PRIVATE|MAP_ANONYMOUS, -1, 0) = 0x7f32d765a000
13437 arch_prctl(ARCH_SET_FS, 0x7f32d765a740) = 0
13437 set_tid_address(0x7f32d765aa10)   = 13437
13437 set_robust_list(0x7f32d765aa20, 24) = 0
13437 rseq(0x7f32d765b060, 0x20, 0, 0x53053053) = 0
13437 mprotect(0x7f32d7841000, 16384, PROT_READ) = 0
13437 mprotect(0x403000, 4096, PROT_READ) = 0
13437 mprotect(0x7f32d78a0000, 8192, PROT_READ) = 0
13437 prlimit64(0, RLIMIT_STACK, NULL, {rlim_cur=8192*1024, rlim_max=RLIM64_INFINITY}) = 0
13437 munmap(0x7f32d784f000, 89879)     = 0
13437 gettid()                          = 13437
13437 getppid()                         = 13435
13437 getpid()                          = 13437
13437 fstat(1, {st_mode=S_IFCHR|0620, st_rdev=makedev(0x88, 0), ...}) = 0
13437 getrandom("\x50\xe2\x2a\xda\xe8\xf5\x9d\xab", 8, GRND_NONBLOCK) = 8
13437 brk(NULL)                         = 0x22f6c000
13437 brk(0x22f8d000)                   = 0x22f8d000
13437 write(1, "main [13437 13435 13437]: Hello "..., 43) = 43
13437 rt_sigaction(SIGRT_1, {sa_handler=0x7f32d76f1fd0, sa_mask=[], sa_flags=SA_RESTORER|SA_ONSTACK|SA_RESTART|SA_SIGINFO, sa_restorer=0x7f32d769dfd0}, NULL, 8) = 0
13437 rt_sigprocmask(SIG_UNBLOCK, [RTMIN RT_1], NULL, 8) = 0
13437 mmap(NULL, 8392704, PROT_NONE, MAP_PRIVATE|MAP_ANONYMOUS|MAP_STACK, -1, 0) = 0x7f32d6e59000
13437 mprotect(0x7f32d6e5a000, 8388608, PROT_READ|PROT_WRITE) = 0
13437 rt_sigprocmask(SIG_BLOCK, ~[], [], 8) = 0
13437 clone3({flags=CLONE_VM|CLONE_FS|CLONE_FILES|CLONE_SIGHAND|CLONE_THREAD|CLONE_SYSVSEM|CLONE_SETTLS|CLONE_PARENT_SETTID|CLONE_CHILD_CLEARTID, child_tid=0x7f32d7659990, parent_tid=0x7f32d7659990, exit_signal=0, stack=0x7f32d6e59000, stack_size=0x7fff80, tls=0x7f32d76596c0} => {parent_tid=[13438]}, 88) = 13438
13437 rt_sigprocmask(SIG_SETMASK, [], NULL, 8) = 0
13437 mmap(NULL, 8392704, PROT_NONE, MAP_PRIVATE|MAP_ANONYMOUS|MAP_STACK, -1, 0) = 0x7f32d6658000
13437 mprotect(0x7f32d6659000, 8388608, PROT_READ|PROT_WRITE <unfinished ...>
13438 rseq(0x7f32d7659fe0, 0x20, 0, 0x53053053 <unfinished ...>
13437 <... mprotect resumed>)           = 0
13437 rt_sigprocmask(SIG_BLOCK, ~[],  <unfinished ...>
13438 <... rseq resumed>)               = 0
13437 <... rt_sigprocmask resumed>[], 8) = 0
13437 clone3({flags=CLONE_VM|CLONE_FS|CLONE_FILES|CLONE_SIGHAND|CLONE_THREAD|CLONE_SYSVSEM|CLONE_SETTLS|CLONE_PARENT_SETTID|CLONE_CHILD_CLEARTID, child_tid=0x7f32d6e58990, parent_tid=0x7f32d6e58990, exit_signal=0, stack=0x7f32d6658000, stack_size=0x7fff80, tls=0x7f32d6e586c0} <unfinished ...>
13438 set_robust_list(0x7f32d76599a0, 24 <unfinished ...>
13437 <... clone3 resumed> => {parent_tid=[13439]}, 88) = 13439
13438 <... set_robust_list resumed>)    = 0
13437 rt_sigprocmask(SIG_SETMASK, [],  <unfinished ...>
13438 rt_sigprocmask(SIG_SETMASK, [],  <unfinished ...>
13437 <... rt_sigprocmask resumed>NULL, 8) = 0
13438 <... rt_sigprocmask resumed>NULL, 8) = 0
13437 mmap(NULL, 8392704, PROT_NONE, MAP_PRIVATE|MAP_ANONYMOUS|MAP_STACK, -1, 0 <unfinished ...>
13439 rseq(0x7f32d6e58fe0, 0x20, 0, 0x53053053 <unfinished ...>
13438 gettid( <unfinished ...>
13437 <... mmap resumed>)               = 0x7f32d5e57000
13439 <... rseq resumed>)               = 0
13438 <... gettid resumed>)             = 13438
13437 mprotect(0x7f32d5e58000, 8388608, PROT_READ|PROT_WRITE <unfinished ...>
13438 getppid( <unfinished ...>
13437 <... mprotect resumed>)           = 0
13438 <... getppid resumed>)            = 13435
13439 set_robust_list(0x7f32d6e589a0, 24 <unfinished ...>
13438 getpid( <unfinished ...>
13437 rt_sigprocmask(SIG_BLOCK, ~[],  <unfinished ...>
13439 <... set_robust_list resumed>)    = 0
13437 <... rt_sigprocmask resumed>[], 8) = 0
13438 <... getpid resumed>)             = 13437
13437 clone3({flags=CLONE_VM|CLONE_FS|CLONE_FILES|CLONE_SIGHAND|CLONE_THREAD|CLONE_SYSVSEM|CLONE_SETTLS|CLONE_PARENT_SETTID|CLONE_CHILD_CLEARTID, child_tid=0x7f32d6657990, parent_tid=0x7f32d6657990, exit_signal=0, stack=0x7f32d5e57000, stack_size=0x7fff80, tls=0x7f32d66576c0} <unfinished ...>
13438 write(1, "mythread [13437 13435 13438]: He"..., 60 <unfinished ...>
13439 rt_sigprocmask(SIG_SETMASK, [],  <unfinished ...>
13438 <... write resumed>)              = 60
13437 <... clone3 resumed> => {parent_tid=[13440]}, 88) = 13440
13438 write(1, "glob: 0x40404c, loc: 0x7f32d7658"..., 95 <unfinished ...>
13437 rt_sigprocmask(SIG_SETMASK, [],  <unfinished ...>
13440 rseq(0x7f32d6657fe0, 0x20, 0, 0x53053053 <unfinished ...>
13438 <... write resumed>)              = 95
13437 <... rt_sigprocmask resumed>NULL, 8) = 0
13439 <... rt_sigprocmask resumed>NULL, 8) = 0
13437 mmap(NULL, 8392704, PROT_NONE, MAP_PRIVATE|MAP_ANONYMOUS|MAP_STACK, -1, 0 <unfinished ...>
13439 gettid( <unfinished ...>
13438 rt_sigprocmask(SIG_BLOCK, ~[RT_1],  <unfinished ...>
13437 <... mmap resumed>)               = 0x7f32d5656000
13439 <... gettid resumed>)             = 13439
13437 mprotect(0x7f32d5657000, 8388608, PROT_READ|PROT_WRITE <unfinished ...>
13440 <... rseq resumed>)               = 0
13438 <... rt_sigprocmask resumed>NULL, 8) = 0
13437 <... mprotect resumed>)           = 0
13439 getppid( <unfinished ...>
13437 rt_sigprocmask(SIG_BLOCK, ~[],  <unfinished ...>
13440 set_robust_list(0x7f32d66579a0, 24 <unfinished ...>
13438 madvise(0x7f32d6e59000, 8368128, MADV_DONTNEED <unfinished ...>
13437 <... rt_sigprocmask resumed>[], 8) = 0
13439 <... getppid resumed>)            = 13435
13438 <... madvise resumed>)            = 0
13437 clone3({flags=CLONE_VM|CLONE_FS|CLONE_FILES|CLONE_SIGHAND|CLONE_THREAD|CLONE_SYSVSEM|CLONE_SETTLS|CLONE_PARENT_SETTID|CLONE_CHILD_CLEARTID, child_tid=0x7f32d5e56990, parent_tid=0x7f32d5e56990, exit_signal=0, stack=0x7f32d5656000, stack_size=0x7fff80, tls=0x7f32d5e566c0} <unfinished ...>
13439 getpid( <unfinished ...>
13440 <... set_robust_list resumed>)    = 0
13438 exit(0 <unfinished ...>
13439 <... getpid resumed>)             = 13437
13440 rt_sigprocmask(SIG_SETMASK, [],  <unfinished ...>
13438 <... exit resumed>)               = ?
13440 <... rt_sigprocmask resumed>NULL, 8) = 0
13439 write(1, "mythread [13437 13435 13439]: He"..., 60 <unfinished ...>
13437 <... clone3 resumed> => {parent_tid=[13441]}, 88) = 13441
13441 rseq(0x7f32d5e56fe0, 0x20, 0, 0x53053053 <unfinished ...>
13440 gettid( <unfinished ...>
13437 rt_sigprocmask(SIG_SETMASK, [],  <unfinished ...>
13439 <... write resumed>)              = 60
13441 <... rseq resumed>)               = 0
13438 +++ exited with 0 +++
13440 <... gettid resumed>)             = 13440
13437 <... rt_sigprocmask resumed>NULL, 8) = 0
13441 set_robust_list(0x7f32d5e569a0, 24 <unfinished ...>
13439 write(1, "glob: 0x40404c, loc: 0x7f32d6e57"..., 95 <unfinished ...>
13437 mmap(NULL, 8392704, PROT_NONE, MAP_PRIVATE|MAP_ANONYMOUS|MAP_STACK, -1, 0 <unfinished ...>
13441 <... set_robust_list resumed>)    = 0
13440 getppid( <unfinished ...>
13437 <... mmap resumed>)               = 0x7f32d4e55000
13441 rt_sigprocmask(SIG_SETMASK, [],  <unfinished ...>
13439 <... write resumed>)              = 95
13437 mprotect(0x7f32d4e56000, 8388608, PROT_READ|PROT_WRITE <unfinished ...>
13440 <... getppid resumed>)            = 13435
13441 <... rt_sigprocmask resumed>NULL, 8) = 0
13439 rt_sigprocmask(SIG_BLOCK, ~[RT_1],  <unfinished ...>
13437 <... mprotect resumed>)           = 0
13440 getpid( <unfinished ...>
13441 gettid( <unfinished ...>
13439 <... rt_sigprocmask resumed>NULL, 8) = 0
13437 rt_sigprocmask(SIG_BLOCK, ~[],  <unfinished ...>
13441 <... gettid resumed>)             = 13441
13440 <... getpid resumed>)             = 13437
13437 <... rt_sigprocmask resumed>[], 8) = 0
13441 getppid( <unfinished ...>
13439 madvise(0x7f32d6658000, 8368128, MADV_DONTNEED <unfinished ...>
13437 clone3({flags=CLONE_VM|CLONE_FS|CLONE_FILES|CLONE_SIGHAND|CLONE_THREAD|CLONE_SYSVSEM|CLONE_SETTLS|CLONE_PARENT_SETTID|CLONE_CHILD_CLEARTID, child_tid=0x7f32d5655990, parent_tid=0x7f32d5655990, exit_signal=0, stack=0x7f32d4e55000, stack_size=0x7fff80, tls=0x7f32d56556c0} <unfinished ...>
13441 <... getppid resumed>)            = 13435
13440 write(1, "mythread [13437 13435 13440]: He"..., 60 <unfinished ...>
13441 getpid( <unfinished ...>
13439 <... madvise resumed>)            = 0
13441 <... getpid resumed>)             = 13437
13440 <... write resumed>)              = 60
13439 exit(0 <unfinished ...>
13437 <... clone3 resumed> => {parent_tid=[13442]}, 88) = 13442
13442 rseq(0x7f32d5655fe0, 0x20, 0, 0x53053053 <unfinished ...>
13441 futex(0x7f32d7847770, FUTEX_WAIT_PRIVATE, 2, NULL <unfinished ...>
13440 futex(0x7f32d7847770, FUTEX_WAKE_PRIVATE, 1 <unfinished ...>
13437 rt_sigprocmask(SIG_SETMASK, [],  <unfinished ...>
13442 <... rseq resumed>)               = 0
13441 <... futex resumed>)              = -1 EAGAIN (Resource temporarily unavailable)
13439 <... exit resumed>)               = ?
13437 <... rt_sigprocmask resumed>NULL, 8) = 0
13442 set_robust_list(0x7f32d56559a0, 24 <unfinished ...>
13441 write(1, "mythread [13437 13435 13441]: He"..., 60 <unfinished ...>
13440 <... futex resumed>)              = 0
13437 futex(0x7f32d6657990, FUTEX_WAIT_BITSET|FUTEX_CLOCK_REALTIME, 13440, NULL, FUTEX_BITSET_MATCH_ANY <unfinished ...>
13442 <... set_robust_list resumed>)    = 0
13439 +++ exited with 0 +++
13441 <... write resumed>)              = 60
13440 futex(0x7f32d7847770, FUTEX_WAIT_PRIVATE, 2, NULL <unfinished ...>
13442 rt_sigprocmask(SIG_SETMASK, [],  <unfinished ...>
13441 futex(0x7f32d7847770, FUTEX_WAKE_PRIVATE, 1 <unfinished ...>
13442 <... rt_sigprocmask resumed>NULL, 8) = 0
13440 <... futex resumed>)              = -1 EAGAIN (Resource temporarily unavailable)
13442 gettid( <unfinished ...>
13441 <... futex resumed>)              = 0
13442 <... gettid resumed>)             = 13442
13440 write(1, "glob: 0x40404c, loc: 0x7f32d6656"..., 95 <unfinished ...>
13442 getppid( <unfinished ...>
13441 futex(0x7f32d7847770, FUTEX_WAIT_PRIVATE, 2, NULL <unfinished ...>
13442 <... getppid resumed>)            = 13435
13440 <... write resumed>)              = 95
13442 getpid( <unfinished ...>
13440 futex(0x7f32d7847770, FUTEX_WAKE_PRIVATE, 1 <unfinished ...>
13442 <... getpid resumed>)             = 13437
13440 <... futex resumed>)              = 1
13442 write(1, "mythread [13437 13435 13442]: He"..., 60 <unfinished ...>
13441 <... futex resumed>)              = 0
13440 rt_sigprocmask(SIG_BLOCK, ~[RT_1],  <unfinished ...>
13442 <... write resumed>)              = 60
13441 futex(0x7f32d7847770, FUTEX_WAIT_PRIVATE, 2, NULL <unfinished ...>
13442 futex(0x7f32d7847770, FUTEX_WAKE_PRIVATE, 1 <unfinished ...>
13440 <... rt_sigprocmask resumed>NULL, 8) = 0
13442 <... futex resumed>)              = 0
13441 <... futex resumed>)              = -1 EAGAIN (Resource temporarily unavailable)
13442 write(1, "glob: 0x40404c, loc: 0x7f32d5654"..., 95 <unfinished ...>
13440 madvise(0x7f32d5e57000, 8368128, MADV_DONTNEED <unfinished ...>
13441 futex(0x7f32d7847770, FUTEX_WAIT_PRIVATE, 2, NULL <unfinished ...>
13442 <... write resumed>)              = 95
13440 <... madvise resumed>)            = 0
13442 futex(0x7f32d7847770, FUTEX_WAKE_PRIVATE, 1 <unfinished ...>
13440 exit(0 <unfinished ...>
13442 <... futex resumed>)              = 1
13441 <... futex resumed>)              = 0
13440 <... exit resumed>)               = ?
13442 rt_sigprocmask(SIG_BLOCK, ~[RT_1],  <unfinished ...>
13441 write(1, "glob: 0x40404c, loc: 0x7f32d5e55"..., 95 <unfinished ...>
13437 <... futex resumed>)              = 0
13442 <... rt_sigprocmask resumed>NULL, 8) = 0
13440 +++ exited with 0 +++
13437 futex(0x7f32d5e56990, FUTEX_WAIT_BITSET|FUTEX_CLOCK_REALTIME, 13441, NULL, FUTEX_BITSET_MATCH_ANY <unfinished ...>
13442 madvise(0x7f32d4e55000, 8368128, MADV_DONTNEED <unfinished ...>
13441 <... write resumed>)              = 95
13442 <... madvise resumed>)            = 0
13441 futex(0x7f32d7847770, FUTEX_WAKE_PRIVATE, 1 <unfinished ...>
13442 exit(0 <unfinished ...>
13441 <... futex resumed>)              = 0
13442 <... exit resumed>)               = ?
13442 +++ exited with 0 +++
13441 rt_sigprocmask(SIG_BLOCK, ~[RT_1], NULL, 8) = 0
13441 madvise(0x7f32d5656000, 8368128, MADV_DONTNEED) = 0
13441 exit(0)                           = ?
13437 <... futex resumed>)              = 0
13441 +++ exited with 0 +++
13437 munmap(0x7f32d6e59000, 8392704)   = 0
13437 write(1, "check #0: pthread_create ID == p"..., 46) = 46
13437 write(1, "check #1: pthread_create ID == p"..., 46) = 46
13437 write(1, "check #2: pthread_create ID == p"..., 46) = 46
13437 write(1, "check #3: pthread_create ID == p"..., 46) = 46
13437 write(1, "check #4: pthread_create ID == p"..., 46) = 46
13437 exit_group(0)                     = ?
13437 +++ exited with 0 +++
